Starting task 15: n=500, tau=big, start=49, R=50
  Rep 049: fitting model null
  Rep 049: fitting model x1
  Rep 049: fitting model x2
  Rep 049: fitting model x3
  Rep 049: fitting model x4
  Rep 049: fitting model main
  Rep 049: fitting model int12_3
  Rep 049: fitting model int12_4
  Rep 049: fitting model int13_2
  Rep 049: fitting model int13_4
  Rep 049: fitting model int14_2
  Rep 049: fitting model int14_3
  Rep 049: fitting model int23_1
  Rep 049: fitting model int23_4
  Rep 049: fitting model int24_1
  Rep 049: fitting model int24_3
  Rep 049: fitting model int34_1
  Rep 049: fitting model int34_2
  Rep 049: fitting model int12
  Rep 049: fitting model int13
  Rep 049: fitting model int14
  Rep 049: fitting model int23
  Rep 049: fitting model int24
  Rep 049: fitting model int34
  Rep 049: fitting model int123_4
  Rep 049: fitting model int124_3
  Rep 049: fitting model int134_2
  Rep 049: fitting model int234_1
  Rep 049: fitting model full
  Rep 050: fitting model null
  Rep 050: fitting model x1
  Rep 050: fitting model x2
  Rep 050: fitting model x3
  Rep 050: fitting model x4
  Rep 050: fitting model main
  Rep 050: fitting model int12_3
  Rep 050: fitting model int12_4
  Rep 050: fitting model int13_2
  Rep 050: fitting model int13_4
  Rep 050: fitting model int14_2
  Rep 050: fitting model int14_3
  Rep 050: fitting model int23_1
  Rep 050: fitting model int23_4
  Rep 050: fitting model int24_1
  Rep 050: fitting model int24_3
  Rep 050: fitting model int34_1
  Rep 050: fitting model int34_2
  Rep 050: fitting model int12
  Rep 050: fitting model int13
  Rep 050: fitting model int14
  Rep 050: fitting model int23
  Rep 050: fitting model int24
  Rep 050: fitting model int34
  Rep 050: fitting model int123_4
  Rep 050: fitting model int124_3
  Rep 050: fitting model int134_2
  Rep 050: fitting model int234_1
  Rep 050: fitting model full
Done for n = 500 tau = big 
Finished task 15
