Starting task 1: n=500, tau=medium, start=41, R=42
  Rep 041: fitting model null
  Rep 041: fitting model x1
  Rep 041: fitting model x2
  Rep 041: fitting model x3
  Rep 041: fitting model x4
  Rep 041: fitting model main
  Rep 041: fitting model int12_3
  Rep 041: fitting model int12_4
  Rep 041: fitting model int13_2
  Rep 041: fitting model int13_4
  Rep 041: fitting model int14_2
  Rep 041: fitting model int14_3
  Rep 041: fitting model int23_1
  Rep 041: fitting model int23_4
  Rep 041: fitting model int24_1
  Rep 041: fitting model int24_3
  Rep 041: fitting model int34_1
  Rep 041: fitting model int34_2
  Rep 041: fitting model int12
  Rep 041: fitting model int13
  Rep 041: fitting model int14
  Rep 041: fitting model int23
  Rep 041: fitting model int24
  Rep 041: fitting model int34
  Rep 041: fitting model int123_4
  Rep 041: fitting model int124_3
  Rep 041: fitting model int134_2
  Rep 041: fitting model int234_1
  Rep 041: fitting model full
  Rep 042: fitting model null
  Rep 042: fitting model x1
  Rep 042: fitting model x2
  Rep 042: fitting model x3
  Rep 042: fitting model x4
  Rep 042: fitting model main
  Rep 042: fitting model int12_3
  Rep 042: fitting model int12_4
  Rep 042: fitting model int13_2
  Rep 042: fitting model int13_4
  Rep 042: fitting model int14_2
  Rep 042: fitting model int14_3
  Rep 042: fitting model int23_1
  Rep 042: fitting model int23_4
  Rep 042: fitting model int24_1
  Rep 042: fitting model int24_3
  Rep 042: fitting model int34_1
  Rep 042: fitting model int34_2
  Rep 042: fitting model int12
  Rep 042: fitting model int13
  Rep 042: fitting model int14
  Rep 042: fitting model int23
  Rep 042: fitting model int24
  Rep 042: fitting model int34
  Rep 042: fitting model int123_4
  Rep 042: fitting model int124_3
  Rep 042: fitting model int134_2
  Rep 042: fitting model int234_1
  Rep 042: fitting model full
Done for n = 500 tau = medium 
Finished task 1
