Starting task 2: n=500, tau=big
  Rep 001: fitting model null
  Rep 001: fitting model x1
  Rep 001: fitting model x2
  Rep 001: fitting model x3
  Rep 001: fitting model x4
  Rep 001: fitting model main
  Rep 001: fitting model int12_3
  Rep 001: fitting model int12_4
  Rep 001: fitting model int13_2
  Rep 001: fitting model int13_4
  Rep 001: fitting model int14_2
  Rep 001: fitting model int14_3
  Rep 001: fitting model int23_1
  Rep 001: fitting model int23_4
  Rep 001: fitting model int24_1
  Rep 001: fitting model int24_3
  Rep 001: fitting model int34_1
  Rep 001: fitting model int34_2
  Rep 001: fitting model int12
  Rep 001: fitting model int13
  Rep 001: fitting model int14
  Rep 001: fitting model int23
  Rep 001: fitting model int24
  Rep 001: fitting model int34
  Rep 001: fitting model int123_4
  Rep 001: fitting model int124_3
  Rep 001: fitting model int134_2
  Rep 001: fitting model int234_1
  Rep 001: fitting model full
  Rep 002: fitting model null
  Rep 002: fitting model x1
  Rep 002: fitting model x2
  Rep 002: fitting model x3
  Rep 002: fitting model x4
  Rep 002: fitting model main
  Rep 002: fitting model int12_3
  Rep 002: fitting model int12_4
  Rep 002: fitting model int13_2
  Rep 002: fitting model int13_4
  Rep 002: fitting model int14_2
  Rep 002: fitting model int14_3
  Rep 002: fitting model int23_1
  Rep 002: fitting model int23_4
  Rep 002: fitting model int24_1
  Rep 002: fitting model int24_3
  Rep 002: fitting model int34_1
  Rep 002: fitting model int34_2
  Rep 002: fitting model int12
  Rep 002: fitting model int13
  Rep 002: fitting model int14
  Rep 002: fitting model int23
  Rep 002: fitting model int24
  Rep 002: fitting model int34
  Rep 002: fitting model int123_4
  Rep 002: fitting model int124_3
  Rep 002: fitting model int134_2
  Rep 002: fitting model int234_1
  Rep 002: fitting model full
  Rep 003: fitting model null
  Rep 003: fitting model x1
  Rep 003: fitting model x2
  Rep 003: fitting model x3
  Rep 003: fitting model x4
  Rep 003: fitting model main
  Rep 003: fitting model int12_3
  Rep 003: fitting model int12_4
  Rep 003: fitting model int13_2
  Rep 003: fitting model int13_4
  Rep 003: fitting model int14_2
  Rep 003: fitting model int14_3
  Rep 003: fitting model int23_1
  Rep 003: fitting model int23_4
  Rep 003: fitting model int24_1
  Rep 003: fitting model int24_3
  Rep 003: fitting model int34_1
  Rep 003: fitting model int34_2
  Rep 003: fitting model int12
  Rep 003: fitting model int13
  Rep 003: fitting model int14
  Rep 003: fitting model int23
  Rep 003: fitting model int24
  Rep 003: fitting model int34
  Rep 003: fitting model int123_4
  Rep 003: fitting model int124_3
  Rep 003: fitting model int134_2
  Rep 003: fitting model int234_1
  Rep 003: fitting model full
  Rep 004: fitting model null
  Rep 004: fitting model x1
  Rep 004: fitting model x2
  Rep 004: fitting model x3
  Rep 004: fitting model x4
  Rep 004: fitting model main
  Rep 004: fitting model int12_3
  Rep 004: fitting model int12_4
  Rep 004: fitting model int13_2
  Rep 004: fitting model int13_4
  Rep 004: fitting model int14_2
  Rep 004: fitting model int14_3
  Rep 004: fitting model int23_1
  Rep 004: fitting model int23_4
  Rep 004: fitting model int24_1
  Rep 004: fitting model int24_3
  Rep 004: fitting model int34_1
  Rep 004: fitting model int34_2
  Rep 004: fitting model int12
  Rep 004: fitting model int13
  Rep 004: fitting model int14
  Rep 004: fitting model int23
  Rep 004: fitting model int24
  Rep 004: fitting model int34
  Rep 004: fitting model int123_4
  Rep 004: fitting model int124_3
  Rep 004: fitting model int134_2
  Rep 004: fitting model int234_1
  Rep 004: fitting model full
  Rep 005: fitting model null
  Rep 005: fitting model x1
  Rep 005: fitting model x2
  Rep 005: fitting model x3
  Rep 005: fitting model x4
  Rep 005: fitting model main
  Rep 005: fitting model int12_3
  Rep 005: fitting model int12_4
  Rep 005: fitting model int13_2
  Rep 005: fitting model int13_4
  Rep 005: fitting model int14_2
  Rep 005: fitting model int14_3
  Rep 005: fitting model int23_1
  Rep 005: fitting model int23_4
  Rep 005: fitting model int24_1
  Rep 005: fitting model int24_3
  Rep 005: fitting model int34_1
  Rep 005: fitting model int34_2
  Rep 005: fitting model int12
  Rep 005: fitting model int13
  Rep 005: fitting model int14
  Rep 005: fitting model int23
  Rep 005: fitting model int24
  Rep 005: fitting model int34
  Rep 005: fitting model int123_4
  Rep 005: fitting model int124_3
  Rep 005: fitting model int134_2
  Rep 005: fitting model int234_1
  Rep 005: fitting model full
  Rep 006: fitting model null
  Rep 006: fitting model x1
  Rep 006: fitting model x2
  Rep 006: fitting model x3
  Rep 006: fitting model x4
  Rep 006: fitting model main
  Rep 006: fitting model int12_3
  Rep 006: fitting model int12_4
  Rep 006: fitting model int13_2
  Rep 006: fitting model int13_4
  Rep 006: fitting model int14_2
  Rep 006: fitting model int14_3
  Rep 006: fitting model int23_1
  Rep 006: fitting model int23_4
  Rep 006: fitting model int24_1
  Rep 006: fitting model int24_3
  Rep 006: fitting model int34_1
  Rep 006: fitting model int34_2
  Rep 006: fitting model int12
  Rep 006: fitting model int13
  Rep 006: fitting model int14
  Rep 006: fitting model int23
  Rep 006: fitting model int24
  Rep 006: fitting model int34
  Rep 006: fitting model int123_4
  Rep 006: fitting model int124_3
  Rep 006: fitting model int134_2
  Rep 006: fitting model int234_1
  Rep 006: fitting model full
  Rep 007: fitting model null
  Rep 007: fitting model x1
  Rep 007: fitting model x2
  Rep 007: fitting model x3
  Rep 007: fitting model x4
  Rep 007: fitting model main
  Rep 007: fitting model int12_3
  Rep 007: fitting model int12_4
  Rep 007: fitting model int13_2
  Rep 007: fitting model int13_4
  Rep 007: fitting model int14_2
  Rep 007: fitting model int14_3
  Rep 007: fitting model int23_1
  Rep 007: fitting model int23_4
  Rep 007: fitting model int24_1
  Rep 007: fitting model int24_3
  Rep 007: fitting model int34_1
  Rep 007: fitting model int34_2
  Rep 007: fitting model int12
  Rep 007: fitting model int13
  Rep 007: fitting model int14
  Rep 007: fitting model int23
  Rep 007: fitting model int24
  Rep 007: fitting model int34
  Rep 007: fitting model int123_4
  Rep 007: fitting model int124_3
  Rep 007: fitting model int134_2
  Rep 007: fitting model int234_1
  Rep 007: fitting model full
  Rep 008: fitting model null
  Rep 008: fitting model x1
  Rep 008: fitting model x2
  Rep 008: fitting model x3
  Rep 008: fitting model x4
  Rep 008: fitting model main
  Rep 008: fitting model int12_3
  Rep 008: fitting model int12_4
  Rep 008: fitting model int13_2
  Rep 008: fitting model int13_4
  Rep 008: fitting model int14_2
  Rep 008: fitting model int14_3
  Rep 008: fitting model int23_1
  Rep 008: fitting model int23_4
  Rep 008: fitting model int24_1
  Rep 008: fitting model int24_3
  Rep 008: fitting model int34_1
  Rep 008: fitting model int34_2
  Rep 008: fitting model int12
  Rep 008: fitting model int13
  Rep 008: fitting model int14
  Rep 008: fitting model int23
  Rep 008: fitting model int24
  Rep 008: fitting model int34
  Rep 008: fitting model int123_4
  Rep 008: fitting model int124_3
  Rep 008: fitting model int134_2
  Rep 008: fitting model int234_1
  Rep 008: fitting model full
  Rep 009: fitting model null
  Rep 009: fitting model x1
  Rep 009: fitting model x2
  Rep 009: fitting model x3
  Rep 009: fitting model x4
  Rep 009: fitting model main
  Rep 009: fitting model int12_3
  Rep 009: fitting model int12_4
  Rep 009: fitting model int13_2
  Rep 009: fitting model int13_4
  Rep 009: fitting model int14_2
  Rep 009: fitting model int14_3
  Rep 009: fitting model int23_1
  Rep 009: fitting model int23_4
  Rep 009: fitting model int24_1
  Rep 009: fitting model int24_3
  Rep 009: fitting model int34_1
  Rep 009: fitting model int34_2
  Rep 009: fitting model int12
  Rep 009: fitting model int13
  Rep 009: fitting model int14
  Rep 009: fitting model int23
  Rep 009: fitting model int24
  Rep 009: fitting model int34
  Rep 009: fitting model int123_4
  Rep 009: fitting model int124_3
  Rep 009: fitting model int134_2
  Rep 009: fitting model int234_1
  Rep 009: fitting model full
  Rep 010: fitting model null
  Rep 010: fitting model x1
  Rep 010: fitting model x2
  Rep 010: fitting model x3
  Rep 010: fitting model x4
  Rep 010: fitting model main
  Rep 010: fitting model int12_3
  Rep 010: fitting model int12_4
  Rep 010: fitting model int13_2
  Rep 010: fitting model int13_4
  Rep 010: fitting model int14_2
  Rep 010: fitting model int14_3
  Rep 010: fitting model int23_1
  Rep 010: fitting model int23_4
  Rep 010: fitting model int24_1
  Rep 010: fitting model int24_3
  Rep 010: fitting model int34_1
  Rep 010: fitting model int34_2
  Rep 010: fitting model int12
  Rep 010: fitting model int13
  Rep 010: fitting model int14
  Rep 010: fitting model int23
  Rep 010: fitting model int24
  Rep 010: fitting model int34
  Rep 010: fitting model int123_4
  Rep 010: fitting model int124_3
  Rep 010: fitting model int134_2
  Rep 010: fitting model int234_1
  Rep 010: fitting model full
  Rep 011: fitting model null
  Rep 011: fitting model x1
  Rep 011: fitting model x2
  Rep 011: fitting model x3
  Rep 011: fitting model x4
  Rep 011: fitting model main
  Rep 011: fitting model int12_3
  Rep 011: fitting model int12_4
  Rep 011: fitting model int13_2
  Rep 011: fitting model int13_4
  Rep 011: fitting model int14_2
  Rep 011: fitting model int14_3
  Rep 011: fitting model int23_1
  Rep 011: fitting model int23_4
  Rep 011: fitting model int24_1
  Rep 011: fitting model int24_3
  Rep 011: fitting model int34_1
  Rep 011: fitting model int34_2
  Rep 011: fitting model int12
  Rep 011: fitting model int13
  Rep 011: fitting model int14
  Rep 011: fitting model int23
  Rep 011: fitting model int24
  Rep 011: fitting model int34
  Rep 011: fitting model int123_4
  Rep 011: fitting model int124_3
  Rep 011: fitting model int134_2
  Rep 011: fitting model int234_1
  Rep 011: fitting model full
  Rep 012: fitting model null
  Rep 012: fitting model x1
  Rep 012: fitting model x2
  Rep 012: fitting model x3
  Rep 012: fitting model x4
  Rep 012: fitting model main
  Rep 012: fitting model int12_3
  Rep 012: fitting model int12_4
  Rep 012: fitting model int13_2
  Rep 012: fitting model int13_4
  Rep 012: fitting model int14_2
  Rep 012: fitting model int14_3
  Rep 012: fitting model int23_1
  Rep 012: fitting model int23_4
  Rep 012: fitting model int24_1
  Rep 012: fitting model int24_3
  Rep 012: fitting model int34_1
  Rep 012: fitting model int34_2
  Rep 012: fitting model int12
  Rep 012: fitting model int13
  Rep 012: fitting model int14
  Rep 012: fitting model int23
  Rep 012: fitting model int24
  Rep 012: fitting model int34
  Rep 012: fitting model int123_4
  Rep 012: fitting model int124_3
  Rep 012: fitting model int134_2
  Rep 012: fitting model int234_1
  Rep 012: fitting model full
  Rep 013: fitting model null
  Rep 013: fitting model x1
  Rep 013: fitting model x2
  Rep 013: fitting model x3
  Rep 013: fitting model x4
  Rep 013: fitting model main
  Rep 013: fitting model int12_3
  Rep 013: fitting model int12_4
  Rep 013: fitting model int13_2
  Rep 013: fitting model int13_4
  Rep 013: fitting model int14_2
  Rep 013: fitting model int14_3
  Rep 013: fitting model int23_1
  Rep 013: fitting model int23_4
  Rep 013: fitting model int24_1
  Rep 013: fitting model int24_3
  Rep 013: fitting model int34_1
  Rep 013: fitting model int34_2
  Rep 013: fitting model int12
  Rep 013: fitting model int13
  Rep 013: fitting model int14
