Starting task 3: n=500, tau=medium, start=15, R=16
  Rep 015: fitting model null
  Rep 015: fitting model x1
  Rep 015: fitting model x2
  Rep 015: fitting model x3
  Rep 015: fitting model x4
  Rep 015: fitting model main
  Rep 015: fitting model int12_3
  Rep 015: fitting model int12_4
  Rep 015: fitting model int13_2
  Rep 015: fitting model int13_4
  Rep 015: fitting model int14_2
  Rep 015: fitting model int14_3
  Rep 015: fitting model int23_1
  Rep 015: fitting model int23_4
  Rep 015: fitting model int24_1
  Rep 015: fitting model int24_3
  Rep 015: fitting model int34_1
  Rep 015: fitting model int34_2
  Rep 015: fitting model int12
  Rep 015: fitting model int13
  Rep 015: fitting model int14
  Rep 015: fitting model int23
  Rep 015: fitting model int24
  Rep 015: fitting model int34
  Rep 015: fitting model int123_4
  Rep 015: fitting model int124_3
  Rep 015: fitting model int134_2
  Rep 015: fitting model int234_1
  Rep 015: fitting model full
  Rep 016: fitting model null
  Rep 016: fitting model x1
  Rep 016: fitting model x2
  Rep 016: fitting model x3
  Rep 016: fitting model x4
  Rep 016: fitting model main
  Rep 016: fitting model int12_3
  Rep 016: fitting model int12_4
  Rep 016: fitting model int13_2
  Rep 016: fitting model int13_4
  Rep 016: fitting model int14_2
  Rep 016: fitting model int14_3
  Rep 016: fitting model int23_1
  Rep 016: fitting model int23_4
  Rep 016: fitting model int24_1
  Rep 016: fitting model int24_3
  Rep 016: fitting model int34_1
  Rep 016: fitting model int34_2
  Rep 016: fitting model int12
  Rep 016: fitting model int13
  Rep 016: fitting model int14
  Rep 016: fitting model int23
  Rep 016: fitting model int24
  Rep 016: fitting model int34
  Rep 016: fitting model int123_4
  Rep 016: fitting model int124_3
  Rep 016: fitting model int134_2
  Rep 016: fitting model int234_1
  Rep 016: fitting model full
Done for n = 500 tau = medium 
Finished task 3
