Starting task 11: n=500, tau=big, start=38, R=40
  Rep 038: fitting model null
  Rep 038: fitting model x1
  Rep 038: fitting model x2
  Rep 038: fitting model x3
  Rep 038: fitting model x4
  Rep 038: fitting model main
  Rep 038: fitting model int12_3
  Rep 038: fitting model int12_4
  Rep 038: fitting model int13_2
  Rep 038: fitting model int13_4
  Rep 038: fitting model int14_2
  Rep 038: fitting model int14_3
  Rep 038: fitting model int23_1
  Rep 038: fitting model int23_4
  Rep 038: fitting model int24_1
  Rep 038: fitting model int24_3
  Rep 038: fitting model int34_1
  Rep 038: fitting model int34_2
  Rep 038: fitting model int12
  Rep 038: fitting model int13
  Rep 038: fitting model int14
  Rep 038: fitting model int23
  Rep 038: fitting model int24
  Rep 038: fitting model int34
  Rep 038: fitting model int123_4
  Rep 038: fitting model int124_3
  Rep 038: fitting model int134_2
  Rep 038: fitting model int234_1
  Rep 038: fitting model full
  Rep 039: fitting model null
  Rep 039: fitting model x1
  Rep 039: fitting model x2
  Rep 039: fitting model x3
  Rep 039: fitting model x4
  Rep 039: fitting model main
  Rep 039: fitting model int12_3
  Rep 039: fitting model int12_4
  Rep 039: fitting model int13_2
  Rep 039: fitting model int13_4
  Rep 039: fitting model int14_2
  Rep 039: fitting model int14_3
  Rep 039: fitting model int23_1
  Rep 039: fitting model int23_4
  Rep 039: fitting model int24_1
  Rep 039: fitting model int24_3
  Rep 039: fitting model int34_1
  Rep 039: fitting model int34_2
  Rep 039: fitting model int12
  Rep 039: fitting model int13
  Rep 039: fitting model int14
  Rep 039: fitting model int23
  Rep 039: fitting model int24
  Rep 039: fitting model int34
  Rep 039: fitting model int123_4
  Rep 039: fitting model int124_3
  Rep 039: fitting model int134_2
  Rep 039: fitting model int234_1
  Rep 039: fitting model full
  Rep 040: fitting model null
  Rep 040: fitting model x1
  Rep 040: fitting model x2
  Rep 040: fitting model x3
  Rep 040: fitting model x4
  Rep 040: fitting model main
  Rep 040: fitting model int12_3
  Rep 040: fitting model int12_4
  Rep 040: fitting model int13_2
  Rep 040: fitting model int13_4
  Rep 040: fitting model int14_2
  Rep 040: fitting model int14_3
  Rep 040: fitting model int23_1
  Rep 040: fitting model int23_4
  Rep 040: fitting model int24_1
  Rep 040: fitting model int24_3
