Starting task 5: n=500, tau=big, start=23, R=25
  Rep 023: fitting model null
  Rep 023: fitting model x1
  Rep 023: fitting model x2
  Rep 023: fitting model x3
  Rep 023: fitting model x4
  Rep 023: fitting model main
  Rep 023: fitting model int12_3
  Rep 023: fitting model int12_4
  Rep 023: fitting model int13_2
  Rep 023: fitting model int13_4
  Rep 023: fitting model int14_2
  Rep 023: fitting model int14_3
  Rep 023: fitting model int23_1
  Rep 023: fitting model int23_4
  Rep 023: fitting model int24_1
  Rep 023: fitting model int24_3
  Rep 023: fitting model int34_1
  Rep 023: fitting model int34_2
  Rep 023: fitting model int12
  Rep 023: fitting model int13
  Rep 023: fitting model int14
  Rep 023: fitting model int23
  Rep 023: fitting model int24
  Rep 023: fitting model int34
  Rep 023: fitting model int123_4
  Rep 023: fitting model int124_3
  Rep 023: fitting model int134_2
  Rep 023: fitting model int234_1
  Rep 023: fitting model full
  Rep 024: fitting model null
  Rep 024: fitting model x1
  Rep 024: fitting model x2
  Rep 024: fitting model x3
  Rep 024: fitting model x4
  Rep 024: fitting model main
  Rep 024: fitting model int12_3
  Rep 024: fitting model int12_4
  Rep 024: fitting model int13_2
  Rep 024: fitting model int13_4
  Rep 024: fitting model int14_2
  Rep 024: fitting model int14_3
  Rep 024: fitting model int23_1
  Rep 024: fitting model int23_4
  Rep 024: fitting model int24_1
  Rep 024: fitting model int24_3
  Rep 024: fitting model int34_1
  Rep 024: fitting model int34_2
  Rep 024: fitting model int12
  Rep 024: fitting model int13
  Rep 024: fitting model int14
  Rep 024: fitting model int23
  Rep 024: fitting model int24
  Rep 024: fitting model int34
  Rep 024: fitting model int123_4
  Rep 024: fitting model int124_3
  Rep 024: fitting model int134_2
  Rep 024: fitting model int234_1
  Rep 024: fitting model full
  Rep 025: fitting model null
  Rep 025: fitting model x1
  Rep 025: fitting model x2
  Rep 025: fitting model x3
  Rep 025: fitting model x4
  Rep 025: fitting model main
  Rep 025: fitting model int12_3
  Rep 025: fitting model int12_4
  Rep 025: fitting model int13_2
  Rep 025: fitting model int13_4
  Rep 025: fitting model int14_2
  Rep 025: fitting model int14_3
  Rep 025: fitting model int23_1
  Rep 025: fitting model int23_4
  Rep 025: fitting model int24_1
  Rep 025: fitting model int24_3
  Rep 025: fitting model int34_1
  Rep 025: fitting model int34_2
  Rep 025: fitting model int12
  Rep 025: fitting model int13
