Starting task 7: n=500, tau=big, start=28, R=30
  Rep 028: fitting model null
  Rep 028: fitting model x1
  Rep 028: fitting model x2
  Rep 028: fitting model x3
  Rep 028: fitting model x4
  Rep 028: fitting model main
  Rep 028: fitting model int12_3
  Rep 028: fitting model int12_4
  Rep 028: fitting model int13_2
  Rep 028: fitting model int13_4
  Rep 028: fitting model int14_2
  Rep 028: fitting model int14_3
  Rep 028: fitting model int23_1
  Rep 028: fitting model int23_4
  Rep 028: fitting model int24_1
  Rep 028: fitting model int24_3
  Rep 028: fitting model int34_1
  Rep 028: fitting model int34_2
  Rep 028: fitting model int12
  Rep 028: fitting model int13
  Rep 028: fitting model int14
  Rep 028: fitting model int23
  Rep 028: fitting model int24
  Rep 028: fitting model int34
  Rep 028: fitting model int123_4
  Rep 028: fitting model int124_3
  Rep 028: fitting model int134_2
  Rep 028: fitting model int234_1
  Rep 028: fitting model full
  Rep 029: fitting model null
  Rep 029: fitting model x1
  Rep 029: fitting model x2
  Rep 029: fitting model x3
  Rep 029: fitting model x4
  Rep 029: fitting model main
  Rep 029: fitting model int12_3
  Rep 029: fitting model int12_4
  Rep 029: fitting model int13_2
  Rep 029: fitting model int13_4
  Rep 029: fitting model int14_2
  Rep 029: fitting model int14_3
  Rep 029: fitting model int23_1
  Rep 029: fitting model int23_4
  Rep 029: fitting model int24_1
  Rep 029: fitting model int24_3
  Rep 029: fitting model int34_1
  Rep 029: fitting model int34_2
  Rep 029: fitting model int12
  Rep 029: fitting model int13
  Rep 029: fitting model int14
  Rep 029: fitting model int23
  Rep 029: fitting model int24
  Rep 029: fitting model int34
  Rep 029: fitting model int123_4
  Rep 029: fitting model int124_3
  Rep 029: fitting model int134_2
  Rep 029: fitting model int234_1
  Rep 029: fitting model full
  Rep 030: fitting model null
  Rep 030: fitting model x1
  Rep 030: fitting model x2
  Rep 030: fitting model x3
  Rep 030: fitting model x4
  Rep 030: fitting model main
  Rep 030: fitting model int12_3
  Rep 030: fitting model int12_4
  Rep 030: fitting model int13_2
  Rep 030: fitting model int13_4
  Rep 030: fitting model int14_2
  Rep 030: fitting model int14_3
  Rep 030: fitting model int23_1
  Rep 030: fitting model int23_4
  Rep 030: fitting model int24_1
  Rep 030: fitting model int24_3
  Rep 030: fitting model int34_1
  Rep 030: fitting model int34_2
  Rep 030: fitting model int12
  Rep 030: fitting model int13
  Rep 030: fitting model int14
  Rep 030: fitting model int23
  Rep 030: fitting model int24
  Rep 030: fitting model int34
  Rep 030: fitting model int123_4
  Rep 030: fitting model int124_3
  Rep 030: fitting model int134_2
  Rep 030: fitting model int234_1
  Rep 030: fitting model full
Done for n = 500 tau = big 
Finished task 7
