Starting task 1: n=500, tau=big, start=13, R=15
  Rep 013: fitting model null
  Rep 013: fitting model x1
  Rep 013: fitting model x2
  Rep 013: fitting model x3
  Rep 013: fitting model x4
  Rep 013: fitting model main
  Rep 013: fitting model int12_3
  Rep 013: fitting model int12_4
  Rep 013: fitting model int13_2
  Rep 013: fitting model int13_4
  Rep 013: fitting model int14_2
  Rep 013: fitting model int14_3
  Rep 013: fitting model int23_1
  Rep 013: fitting model int23_4
  Rep 013: fitting model int24_1
  Rep 013: fitting model int24_3
  Rep 013: fitting model int34_1
  Rep 013: fitting model int34_2
  Rep 013: fitting model int12
  Rep 013: fitting model int13
  Rep 013: fitting model int14
  Rep 013: fitting model int23
  Rep 013: fitting model int24
  Rep 013: fitting model int34
  Rep 013: fitting model int123_4
  Rep 013: fitting model int124_3
  Rep 013: fitting model int134_2
  Rep 013: fitting model int234_1
  Rep 013: fitting model full
  Rep 014: fitting model null
  Rep 014: fitting model x1
  Rep 014: fitting model x2
  Rep 014: fitting model x3
  Rep 014: fitting model x4
  Rep 014: fitting model main
  Rep 014: fitting model int12_3
  Rep 014: fitting model int12_4
  Rep 014: fitting model int13_2
  Rep 014: fitting model int13_4
  Rep 014: fitting model int14_2
  Rep 014: fitting model int14_3
  Rep 014: fitting model int23_1
  Rep 014: fitting model int23_4
  Rep 014: fitting model int24_1
  Rep 014: fitting model int24_3
  Rep 014: fitting model int34_1
  Rep 014: fitting model int34_2
  Rep 014: fitting model int12
  Rep 014: fitting model int13
  Rep 014: fitting model int14
  Rep 014: fitting model int23
  Rep 014: fitting model int24
  Rep 014: fitting model int34
  Rep 014: fitting model int123_4
  Rep 014: fitting model int124_3
  Rep 014: fitting model int134_2
  Rep 014: fitting model int234_1
  Rep 014: fitting model full
  Rep 015: fitting model null
  Rep 015: fitting model x1
  Rep 015: fitting model x2
  Rep 015: fitting model x3
  Rep 015: fitting model x4
  Rep 015: fitting model main
  Rep 015: fitting model int12_3
  Rep 015: fitting model int12_4
  Rep 015: fitting model int13_2
  Rep 015: fitting model int13_4
  Rep 015: fitting model int14_2
  Rep 015: fitting model int14_3
  Rep 015: fitting model int23_1
  Rep 015: fitting model int23_4
  Rep 015: fitting model int24_1
  Rep 015: fitting model int24_3
  Rep 015: fitting model int34_1
  Rep 015: fitting model int34_2
  Rep 015: fitting model int12
  Rep 015: fitting model int13
  Rep 015: fitting model int14
  Rep 015: fitting model int23
  Rep 015: fitting model int24
  Rep 015: fitting model int34
  Rep 015: fitting model int123_4
  Rep 015: fitting model int124_3
