Starting task 5: n=100, tau=medium
  Rep 001: fitting model null
  Rep 001: fitting model x1
  Rep 001: fitting model x2
  Rep 001: fitting model x3
  Rep 001: fitting model x4
  Rep 001: fitting model main
  Rep 001: fitting model int12_3
  Rep 001: fitting model int12_4
  Rep 001: fitting model int13_2
  Rep 001: fitting model int13_4
  Rep 001: fitting model int14_2
  Rep 001: fitting model int14_3
  Rep 001: fitting model int23_1
  Rep 001: fitting model int23_4
  Rep 001: fitting model int24_1
  Rep 001: fitting model int24_3
  Rep 001: fitting model int34_1
  Rep 001: fitting model int34_2
  Rep 001: fitting model int12
  Rep 001: fitting model int13
  Rep 001: fitting model int14
  Rep 001: fitting model int23
  Rep 001: fitting model int24
  Rep 001: fitting model int34
  Rep 001: fitting model int123_4
  Rep 001: fitting model int124_3
  Rep 001: fitting model int134_2
  Rep 001: fitting model int234_1
  Rep 001: fitting model full
  Rep 002: fitting model null
  Rep 002: fitting model x1
  Rep 002: fitting model x2
  Rep 002: fitting model x3
  Rep 002: fitting model x4
  Rep 002: fitting model main
  Rep 002: fitting model int12_3
  Rep 002: fitting model int12_4
  Rep 002: fitting model int13_2
  Rep 002: fitting model int13_4
  Rep 002: fitting model int14_2
  Rep 002: fitting model int14_3
  Rep 002: fitting model int23_1
  Rep 002: fitting model int23_4
  Rep 002: fitting model int24_1
  Rep 002: fitting model int24_3
  Rep 002: fitting model int34_1
  Rep 002: fitting model int34_2
  Rep 002: fitting model int12
  Rep 002: fitting model int13
  Rep 002: fitting model int14
  Rep 002: fitting model int23
  Rep 002: fitting model int24
  Rep 002: fitting model int34
  Rep 002: fitting model int123_4
  Rep 002: fitting model int124_3
  Rep 002: fitting model int134_2
  Rep 002: fitting model int234_1
  Rep 002: fitting model full
  Rep 003: fitting model null
  Rep 003: fitting model x1
  Rep 003: fitting model x2
  Rep 003: fitting model x3
  Rep 003: fitting model x4
  Rep 003: fitting model main
  Rep 003: fitting model int12_3
  Rep 003: fitting model int12_4
  Rep 003: fitting model int13_2
  Rep 003: fitting model int13_4
  Rep 003: fitting model int14_2
  Rep 003: fitting model int14_3
  Rep 003: fitting model int23_1
  Rep 003: fitting model int23_4
  Rep 003: fitting model int24_1
  Rep 003: fitting model int24_3
  Rep 003: fitting model int34_1
  Rep 003: fitting model int34_2
  Rep 003: fitting model int12
  Rep 003: fitting model int13
  Rep 003: fitting model int14
  Rep 003: fitting model int23
  Rep 003: fitting model int24
  Rep 003: fitting model int34
  Rep 003: fitting model int123_4
  Rep 003: fitting model int124_3
  Rep 003: fitting model int134_2
  Rep 003: fitting model int234_1
  Rep 003: fitting model full
  Rep 004: fitting model null
  Rep 004: fitting model x1
  Rep 004: fitting model x2
  Rep 004: fitting model x3
  Rep 004: fitting model x4
  Rep 004: fitting model main
  Rep 004: fitting model int12_3
  Rep 004: fitting model int12_4
  Rep 004: fitting model int13_2
  Rep 004: fitting model int13_4
  Rep 004: fitting model int14_2
  Rep 004: fitting model int14_3
  Rep 004: fitting model int23_1
  Rep 004: fitting model int23_4
  Rep 004: fitting model int24_1
  Rep 004: fitting model int24_3
  Rep 004: fitting model int34_1
  Rep 004: fitting model int34_2
  Rep 004: fitting model int12
  Rep 004: fitting model int13
  Rep 004: fitting model int14
  Rep 004: fitting model int23
  Rep 004: fitting model int24
  Rep 004: fitting model int34
  Rep 004: fitting model int123_4
  Rep 004: fitting model int124_3
  Rep 004: fitting model int134_2
  Rep 004: fitting model int234_1
  Rep 004: fitting model full
  Rep 005: fitting model null
  Rep 005: fitting model x1
  Rep 005: fitting model x2
  Rep 005: fitting model x3
  Rep 005: fitting model x4
  Rep 005: fitting model main
  Rep 005: fitting model int12_3
  Rep 005: fitting model int12_4
  Rep 005: fitting model int13_2
  Rep 005: fitting model int13_4
  Rep 005: fitting model int14_2
  Rep 005: fitting model int14_3
  Rep 005: fitting model int23_1
  Rep 005: fitting model int23_4
  Rep 005: fitting model int24_1
  Rep 005: fitting model int24_3
  Rep 005: fitting model int34_1
  Rep 005: fitting model int34_2
  Rep 005: fitting model int12
  Rep 005: fitting model int13
  Rep 005: fitting model int14
  Rep 005: fitting model int23
  Rep 005: fitting model int24
  Rep 005: fitting model int34
  Rep 005: fitting model int123_4
  Rep 005: fitting model int124_3
  Rep 005: fitting model int134_2
  Rep 005: fitting model int234_1
  Rep 005: fitting model full
  Rep 006: fitting model null
  Rep 006: fitting model x1
  Rep 006: fitting model x2
  Rep 006: fitting model x3
  Rep 006: fitting model x4
  Rep 006: fitting model main
  Rep 006: fitting model int12_3
  Rep 006: fitting model int12_4
  Rep 006: fitting model int13_2
  Rep 006: fitting model int13_4
  Rep 006: fitting model int14_2
  Rep 006: fitting model int14_3
  Rep 006: fitting model int23_1
  Rep 006: fitting model int23_4
  Rep 006: fitting model int24_1
  Rep 006: fitting model int24_3
  Rep 006: fitting model int34_1
  Rep 006: fitting model int34_2
  Rep 006: fitting model int12
  Rep 006: fitting model int13
  Rep 006: fitting model int14
  Rep 006: fitting model int23
  Rep 006: fitting model int24
  Rep 006: fitting model int34
  Rep 006: fitting model int123_4
  Rep 006: fitting model int124_3
  Rep 006: fitting model int134_2
  Rep 006: fitting model int234_1
  Rep 006: fitting model full
  Rep 007: fitting model null
  Rep 007: fitting model x1
  Rep 007: fitting model x2
  Rep 007: fitting model x3
  Rep 007: fitting model x4
  Rep 007: fitting model main
  Rep 007: fitting model int12_3
  Rep 007: fitting model int12_4
  Rep 007: fitting model int13_2
  Rep 007: fitting model int13_4
  Rep 007: fitting model int14_2
  Rep 007: fitting model int14_3
  Rep 007: fitting model int23_1
  Rep 007: fitting model int23_4
  Rep 007: fitting model int24_1
  Rep 007: fitting model int24_3
  Rep 007: fitting model int34_1
  Rep 007: fitting model int34_2
  Rep 007: fitting model int12
  Rep 007: fitting model int13
  Rep 007: fitting model int14
  Rep 007: fitting model int23
  Rep 007: fitting model int24
  Rep 007: fitting model int34
  Rep 007: fitting model int123_4
  Rep 007: fitting model int124_3
  Rep 007: fitting model int134_2
  Rep 007: fitting model int234_1
  Rep 007: fitting model full
  Rep 008: fitting model null
  Rep 008: fitting model x1
  Rep 008: fitting model x2
  Rep 008: fitting model x3
  Rep 008: fitting model x4
  Rep 008: fitting model main
  Rep 008: fitting model int12_3
  Rep 008: fitting model int12_4
  Rep 008: fitting model int13_2
  Rep 008: fitting model int13_4
  Rep 008: fitting model int14_2
  Rep 008: fitting model int14_3
  Rep 008: fitting model int23_1
  Rep 008: fitting model int23_4
  Rep 008: fitting model int24_1
  Rep 008: fitting model int24_3
  Rep 008: fitting model int34_1
  Rep 008: fitting model int34_2
  Rep 008: fitting model int12
  Rep 008: fitting model int13
  Rep 008: fitting model int14
  Rep 008: fitting model int23
  Rep 008: fitting model int24
  Rep 008: fitting model int34
  Rep 008: fitting model int123_4
  Rep 008: fitting model int124_3
  Rep 008: fitting model int134_2
  Rep 008: fitting model int234_1
  Rep 008: fitting model full
  Rep 009: fitting model null
  Rep 009: fitting model x1
  Rep 009: fitting model x2
  Rep 009: fitting model x3
  Rep 009: fitting model x4
  Rep 009: fitting model main
  Rep 009: fitting model int12_3
  Rep 009: fitting model int12_4
  Rep 009: fitting model int13_2
  Rep 009: fitting model int13_4
  Rep 009: fitting model int14_2
  Rep 009: fitting model int14_3
  Rep 009: fitting model int23_1
  Rep 009: fitting model int23_4
  Rep 009: fitting model int24_1
  Rep 009: fitting model int24_3
  Rep 009: fitting model int34_1
  Rep 009: fitting model int34_2
  Rep 009: fitting model int12
  Rep 009: fitting model int13
  Rep 009: fitting model int14
  Rep 009: fitting model int23
  Rep 009: fitting model int24
  Rep 009: fitting model int34
  Rep 009: fitting model int123_4
  Rep 009: fitting model int124_3
  Rep 009: fitting model int134_2
  Rep 009: fitting model int234_1
  Rep 009: fitting model full
  Rep 010: fitting model null
  Rep 010: fitting model x1
  Rep 010: fitting model x2
  Rep 010: fitting model x3
  Rep 010: fitting model x4
  Rep 010: fitting model main
  Rep 010: fitting model int12_3
  Rep 010: fitting model int12_4
  Rep 010: fitting model int13_2
  Rep 010: fitting model int13_4
  Rep 010: fitting model int14_2
  Rep 010: fitting model int14_3
  Rep 010: fitting model int23_1
  Rep 010: fitting model int23_4
  Rep 010: fitting model int24_1
  Rep 010: fitting model int24_3
  Rep 010: fitting model int34_1
  Rep 010: fitting model int34_2
  Rep 010: fitting model int12
  Rep 010: fitting model int13
  Rep 010: fitting model int14
  Rep 010: fitting model int23
  Rep 010: fitting model int24
  Rep 010: fitting model int34
  Rep 010: fitting model int123_4
  Rep 010: fitting model int124_3
  Rep 010: fitting model int134_2
  Rep 010: fitting model int234_1
  Rep 010: fitting model full
  Rep 011: fitting model null
  Rep 011: fitting model x1
  Rep 011: fitting model x2
  Rep 011: fitting model x3
  Rep 011: fitting model x4
  Rep 011: fitting model main
  Rep 011: fitting model int12_3
  Rep 011: fitting model int12_4
  Rep 011: fitting model int13_2
  Rep 011: fitting model int13_4
  Rep 011: fitting model int14_2
  Rep 011: fitting model int14_3
  Rep 011: fitting model int23_1
  Rep 011: fitting model int23_4
  Rep 011: fitting model int24_1
  Rep 011: fitting model int24_3
  Rep 011: fitting model int34_1
  Rep 011: fitting model int34_2
  Rep 011: fitting model int12
  Rep 011: fitting model int13
  Rep 011: fitting model int14
  Rep 011: fitting model int23
  Rep 011: fitting model int24
  Rep 011: fitting model int34
  Rep 011: fitting model int123_4
  Rep 011: fitting model int124_3
  Rep 011: fitting model int134_2
  Rep 011: fitting model int234_1
  Rep 011: fitting model full
  Rep 012: fitting model null
  Rep 012: fitting model x1
  Rep 012: fitting model x2
  Rep 012: fitting model x3
  Rep 012: fitting model x4
  Rep 012: fitting model main
  Rep 012: fitting model int12_3
  Rep 012: fitting model int12_4
  Rep 012: fitting model int13_2
  Rep 012: fitting model int13_4
  Rep 012: fitting model int14_2
  Rep 012: fitting model int14_3
  Rep 012: fitting model int23_1
  Rep 012: fitting model int23_4
  Rep 012: fitting model int24_1
  Rep 012: fitting model int24_3
  Rep 012: fitting model int34_1
  Rep 012: fitting model int34_2
  Rep 012: fitting model int12
  Rep 012: fitting model int13
  Rep 012: fitting model int14
  Rep 012: fitting model int23
  Rep 012: fitting model int24
  Rep 012: fitting model int34
  Rep 012: fitting model int123_4
  Rep 012: fitting model int124_3
  Rep 012: fitting model int134_2
  Rep 012: fitting model int234_1
  Rep 012: fitting model full
  Rep 013: fitting model null
  Rep 013: fitting model x1
  Rep 013: fitting model x2
  Rep 013: fitting model x3
  Rep 013: fitting model x4
  Rep 013: fitting model main
  Rep 013: fitting model int12_3
  Rep 013: fitting model int12_4
  Rep 013: fitting model int13_2
  Rep 013: fitting model int13_4
  Rep 013: fitting model int14_2
  Rep 013: fitting model int14_3
  Rep 013: fitting model int23_1
  Rep 013: fitting model int23_4
  Rep 013: fitting model int24_1
  Rep 013: fitting model int24_3
  Rep 013: fitting model int34_1
  Rep 013: fitting model int34_2
  Rep 013: fitting model int12
  Rep 013: fitting model int13
  Rep 013: fitting model int14
  Rep 013: fitting model int23
  Rep 013: fitting model int24
  Rep 013: fitting model int34
  Rep 013: fitting model int123_4
  Rep 013: fitting model int124_3
  Rep 013: fitting model int134_2
  Rep 013: fitting model int234_1
  Rep 013: fitting model full
  Rep 014: fitting model null
  Rep 014: fitting model x1
  Rep 014: fitting model x2
  Rep 014: fitting model x3
  Rep 014: fitting model x4
  Rep 014: fitting model main
  Rep 014: fitting model int12_3
  Rep 014: fitting model int12_4
  Rep 014: fitting model int13_2
  Rep 014: fitting model int13_4
  Rep 014: fitting model int14_2
  Rep 014: fitting model int14_3
  Rep 014: fitting model int23_1
  Rep 014: fitting model int23_4
  Rep 014: fitting model int24_1
  Rep 014: fitting model int24_3
  Rep 014: fitting model int34_1
  Rep 014: fitting model int34_2
  Rep 014: fitting model int12
  Rep 014: fitting model int13
  Rep 014: fitting model int14
  Rep 014: fitting model int23
  Rep 014: fitting model int24
  Rep 014: fitting model int34
  Rep 014: fitting model int123_4
  Rep 014: fitting model int124_3
  Rep 014: fitting model int134_2
  Rep 014: fitting model int234_1
  Rep 014: fitting model full
  Rep 015: fitting model null
  Rep 015: fitting model x1
  Rep 015: fitting model x2
  Rep 015: fitting model x3
  Rep 015: fitting model x4
  Rep 015: fitting model main
  Rep 015: fitting model int12_3
  Rep 015: fitting model int12_4
  Rep 015: fitting model int13_2
  Rep 015: fitting model int13_4
  Rep 015: fitting model int14_2
  Rep 015: fitting model int14_3
  Rep 015: fitting model int23_1
  Rep 015: fitting model int23_4
  Rep 015: fitting model int24_1
  Rep 015: fitting model int24_3
  Rep 015: fitting model int34_1
  Rep 015: fitting model int34_2
  Rep 015: fitting model int12
  Rep 015: fitting model int13
  Rep 015: fitting model int14
  Rep 015: fitting model int23
  Rep 015: fitting model int24
  Rep 015: fitting model int34
  Rep 015: fitting model int123_4
  Rep 015: fitting model int124_3
  Rep 015: fitting model int134_2
  Rep 015: fitting model int234_1
  Rep 015: fitting model full
  Rep 016: fitting model null
  Rep 016: fitting model x1
  Rep 016: fitting model x2
  Rep 016: fitting model x3
  Rep 016: fitting model x4
  Rep 016: fitting model main
  Rep 016: fitting model int12_3
  Rep 016: fitting model int12_4
  Rep 016: fitting model int13_2
  Rep 016: fitting model int13_4
  Rep 016: fitting model int14_2
  Rep 016: fitting model int14_3
  Rep 016: fitting model int23_1
  Rep 016: fitting model int23_4
  Rep 016: fitting model int24_1
  Rep 016: fitting model int24_3
  Rep 016: fitting model int34_1
  Rep 016: fitting model int34_2
  Rep 016: fitting model int12
  Rep 016: fitting model int13
  Rep 016: fitting model int14
  Rep 016: fitting model int23
  Rep 016: fitting model int24
  Rep 016: fitting model int34
  Rep 016: fitting model int123_4
  Rep 016: fitting model int124_3
  Rep 016: fitting model int134_2
  Rep 016: fitting model int234_1
  Rep 016: fitting model full
  Rep 017: fitting model null
  Rep 017: fitting model x1
  Rep 017: fitting model x2
  Rep 017: fitting model x3
  Rep 017: fitting model x4
  Rep 017: fitting model main
  Rep 017: fitting model int12_3
  Rep 017: fitting model int12_4
  Rep 017: fitting model int13_2
  Rep 017: fitting model int13_4
  Rep 017: fitting model int14_2
  Rep 017: fitting model int14_3
  Rep 017: fitting model int23_1
  Rep 017: fitting model int23_4
  Rep 017: fitting model int24_1
  Rep 017: fitting model int24_3
  Rep 017: fitting model int34_1
  Rep 017: fitting model int34_2
  Rep 017: fitting model int12
  Rep 017: fitting model int13
  Rep 017: fitting model int14
  Rep 017: fitting model int23
  Rep 017: fitting model int24
  Rep 017: fitting model int34
  Rep 017: fitting model int123_4
  Rep 017: fitting model int124_3
  Rep 017: fitting model int134_2
  Rep 017: fitting model int234_1
  Rep 017: fitting model full
  Rep 018: fitting model null
  Rep 018: fitting model x1
  Rep 018: fitting model x2
  Rep 018: fitting model x3
  Rep 018: fitting model x4
  Rep 018: fitting model main
  Rep 018: fitting model int12_3
  Rep 018: fitting model int12_4
  Rep 018: fitting model int13_2
  Rep 018: fitting model int13_4
  Rep 018: fitting model int14_2
  Rep 018: fitting model int14_3
  Rep 018: fitting model int23_1
  Rep 018: fitting model int23_4
  Rep 018: fitting model int24_1
  Rep 018: fitting model int24_3
  Rep 018: fitting model int34_1
  Rep 018: fitting model int34_2
  Rep 018: fitting model int12
  Rep 018: fitting model int13
  Rep 018: fitting model int14
  Rep 018: fitting model int23
  Rep 018: fitting model int24
  Rep 018: fitting model int34
  Rep 018: fitting model int123_4
  Rep 018: fitting model int124_3
  Rep 018: fitting model int134_2
  Rep 018: fitting model int234_1
  Rep 018: fitting model full
  Rep 019: fitting model null
  Rep 019: fitting model x1
  Rep 019: fitting model x2
  Rep 019: fitting model x3
  Rep 019: fitting model x4
  Rep 019: fitting model main
  Rep 019: fitting model int12_3
  Rep 019: fitting model int12_4
  Rep 019: fitting model int13_2
  Rep 019: fitting model int13_4
  Rep 019: fitting model int14_2
  Rep 019: fitting model int14_3
  Rep 019: fitting model int23_1
  Rep 019: fitting model int23_4
  Rep 019: fitting model int24_1
  Rep 019: fitting model int24_3
  Rep 019: fitting model int34_1
  Rep 019: fitting model int34_2
  Rep 019: fitting model int12
  Rep 019: fitting model int13
  Rep 019: fitting model int14
  Rep 019: fitting model int23
  Rep 019: fitting model int24
  Rep 019: fitting model int34
  Rep 019: fitting model int123_4
  Rep 019: fitting model int124_3
  Rep 019: fitting model int134_2
  Rep 019: fitting model int234_1
  Rep 019: fitting model full
  Rep 020: fitting model null
  Rep 020: fitting model x1
  Rep 020: fitting model x2
  Rep 020: fitting model x3
  Rep 020: fitting model x4
  Rep 020: fitting model main
  Rep 020: fitting model int12_3
  Rep 020: fitting model int12_4
  Rep 020: fitting model int13_2
  Rep 020: fitting model int13_4
  Rep 020: fitting model int14_2
  Rep 020: fitting model int14_3
  Rep 020: fitting model int23_1
  Rep 020: fitting model int23_4
  Rep 020: fitting model int24_1
  Rep 020: fitting model int24_3
  Rep 020: fitting model int34_1
  Rep 020: fitting model int34_2
  Rep 020: fitting model int12
  Rep 020: fitting model int13
  Rep 020: fitting model int14
  Rep 020: fitting model int23
  Rep 020: fitting model int24
  Rep 020: fitting model int34
  Rep 020: fitting model int123_4
  Rep 020: fitting model int124_3
  Rep 020: fitting model int134_2
  Rep 020: fitting model int234_1
  Rep 020: fitting model full
  Rep 021: fitting model null
  Rep 021: fitting model x1
  Rep 021: fitting model x2
  Rep 021: fitting model x3
  Rep 021: fitting model x4
  Rep 021: fitting model main
  Rep 021: fitting model int12_3
  Rep 021: fitting model int12_4
  Rep 021: fitting model int13_2
  Rep 021: fitting model int13_4
  Rep 021: fitting model int14_2
  Rep 021: fitting model int14_3
  Rep 021: fitting model int23_1
  Rep 021: fitting model int23_4
  Rep 021: fitting model int24_1
  Rep 021: fitting model int24_3
  Rep 021: fitting model int34_1
  Rep 021: fitting model int34_2
  Rep 021: fitting model int12
  Rep 021: fitting model int13
  Rep 021: fitting model int14
  Rep 021: fitting model int23
  Rep 021: fitting model int24
  Rep 021: fitting model int34
  Rep 021: fitting model int123_4
  Rep 021: fitting model int124_3
  Rep 021: fitting model int134_2
  Rep 021: fitting model int234_1
  Rep 021: fitting model full
  Rep 022: fitting model null
  Rep 022: fitting model x1
  Rep 022: fitting model x2
  Rep 022: fitting model x3
  Rep 022: fitting model x4
  Rep 022: fitting model main
  Rep 022: fitting model int12_3
  Rep 022: fitting model int12_4
  Rep 022: fitting model int13_2
  Rep 022: fitting model int13_4
  Rep 022: fitting model int14_2
  Rep 022: fitting model int14_3
  Rep 022: fitting model int23_1
  Rep 022: fitting model int23_4
  Rep 022: fitting model int24_1
  Rep 022: fitting model int24_3
  Rep 022: fitting model int34_1
  Rep 022: fitting model int34_2
  Rep 022: fitting model int12
  Rep 022: fitting model int13
  Rep 022: fitting model int14
  Rep 022: fitting model int23
  Rep 022: fitting model int24
  Rep 022: fitting model int34
  Rep 022: fitting model int123_4
  Rep 022: fitting model int124_3
  Rep 022: fitting model int134_2
  Rep 022: fitting model int234_1
  Rep 022: fitting model full
  Rep 023: fitting model null
  Rep 023: fitting model x1
  Rep 023: fitting model x2
  Rep 023: fitting model x3
  Rep 023: fitting model x4
  Rep 023: fitting model main
  Rep 023: fitting model int12_3
  Rep 023: fitting model int12_4
  Rep 023: fitting model int13_2
  Rep 023: fitting model int13_4
  Rep 023: fitting model int14_2
  Rep 023: fitting model int14_3
  Rep 023: fitting model int23_1
  Rep 023: fitting model int23_4
  Rep 023: fitting model int24_1
  Rep 023: fitting model int24_3
  Rep 023: fitting model int34_1
  Rep 023: fitting model int34_2
  Rep 023: fitting model int12
  Rep 023: fitting model int13
  Rep 023: fitting model int14
  Rep 023: fitting model int23
  Rep 023: fitting model int24
  Rep 023: fitting model int34
  Rep 023: fitting model int123_4
  Rep 023: fitting model int124_3
  Rep 023: fitting model int134_2
  Rep 023: fitting model int234_1
  Rep 023: fitting model full
  Rep 024: fitting model null
  Rep 024: fitting model x1
  Rep 024: fitting model x2
  Rep 024: fitting model x3
  Rep 024: fitting model x4
  Rep 024: fitting model main
  Rep 024: fitting model int12_3
  Rep 024: fitting model int12_4
  Rep 024: fitting model int13_2
  Rep 024: fitting model int13_4
  Rep 024: fitting model int14_2
  Rep 024: fitting model int14_3
  Rep 024: fitting model int23_1
  Rep 024: fitting model int23_4
  Rep 024: fitting model int24_1
  Rep 024: fitting model int24_3
  Rep 024: fitting model int34_1
  Rep 024: fitting model int34_2
  Rep 024: fitting model int12
  Rep 024: fitting model int13
  Rep 024: fitting model int14
  Rep 024: fitting model int23
  Rep 024: fitting model int24
  Rep 024: fitting model int34
  Rep 024: fitting model int123_4
  Rep 024: fitting model int124_3
  Rep 024: fitting model int134_2
  Rep 024: fitting model int234_1
  Rep 024: fitting model full
  Rep 025: fitting model null
  Rep 025: fitting model x1
  Rep 025: fitting model x2
  Rep 025: fitting model x3
  Rep 025: fitting model x4
  Rep 025: fitting model main
  Rep 025: fitting model int12_3
  Rep 025: fitting model int12_4
  Rep 025: fitting model int13_2
  Rep 025: fitting model int13_4
  Rep 025: fitting model int14_2
  Rep 025: fitting model int14_3
  Rep 025: fitting model int23_1
  Rep 025: fitting model int23_4
  Rep 025: fitting model int24_1
  Rep 025: fitting model int24_3
  Rep 025: fitting model int34_1
  Rep 025: fitting model int34_2
  Rep 025: fitting model int12
  Rep 025: fitting model int13
  Rep 025: fitting model int14
  Rep 025: fitting model int23
  Rep 025: fitting model int24
  Rep 025: fitting model int34
  Rep 025: fitting model int123_4
  Rep 025: fitting model int124_3
  Rep 025: fitting model int134_2
  Rep 025: fitting model int234_1
  Rep 025: fitting model full
  Rep 026: fitting model null
  Rep 026: fitting model x1
  Rep 026: fitting model x2
  Rep 026: fitting model x3
  Rep 026: fitting model x4
  Rep 026: fitting model main
  Rep 026: fitting model int12_3
  Rep 026: fitting model int12_4
  Rep 026: fitting model int13_2
  Rep 026: fitting model int13_4
  Rep 026: fitting model int14_2
  Rep 026: fitting model int14_3
  Rep 026: fitting model int23_1
  Rep 026: fitting model int23_4
  Rep 026: fitting model int24_1
  Rep 026: fitting model int24_3
  Rep 026: fitting model int34_1
  Rep 026: fitting model int34_2
  Rep 026: fitting model int12
  Rep 026: fitting model int13
  Rep 026: fitting model int14
  Rep 026: fitting model int23
  Rep 026: fitting model int24
  Rep 026: fitting model int34
  Rep 026: fitting model int123_4
  Rep 026: fitting model int124_3
  Rep 026: fitting model int134_2
  Rep 026: fitting model int234_1
  Rep 026: fitting model full
  Rep 027: fitting model null
  Rep 027: fitting model x1
  Rep 027: fitting model x2
  Rep 027: fitting model x3
  Rep 027: fitting model x4
  Rep 027: fitting model main
  Rep 027: fitting model int12_3
  Rep 027: fitting model int12_4
  Rep 027: fitting model int13_2
  Rep 027: fitting model int13_4
  Rep 027: fitting model int14_2
  Rep 027: fitting model int14_3
  Rep 027: fitting model int23_1
  Rep 027: fitting model int23_4
  Rep 027: fitting model int24_1
  Rep 027: fitting model int24_3
  Rep 027: fitting model int34_1
  Rep 027: fitting model int34_2
  Rep 027: fitting model int12
  Rep 027: fitting model int13
  Rep 027: fitting model int14
  Rep 027: fitting model int23
  Rep 027: fitting model int24
  Rep 027: fitting model int34
  Rep 027: fitting model int123_4
  Rep 027: fitting model int124_3
  Rep 027: fitting model int134_2
  Rep 027: fitting model int234_1
  Rep 027: fitting model full
  Rep 028: fitting model null
  Rep 028: fitting model x1
  Rep 028: fitting model x2
  Rep 028: fitting model x3
  Rep 028: fitting model x4
  Rep 028: fitting model main
  Rep 028: fitting model int12_3
  Rep 028: fitting model int12_4
  Rep 028: fitting model int13_2
  Rep 028: fitting model int13_4
  Rep 028: fitting model int14_2
  Rep 028: fitting model int14_3
  Rep 028: fitting model int23_1
  Rep 028: fitting model int23_4
  Rep 028: fitting model int24_1
  Rep 028: fitting model int24_3
  Rep 028: fitting model int34_1
  Rep 028: fitting model int34_2
  Rep 028: fitting model int12
  Rep 028: fitting model int13
  Rep 028: fitting model int14
  Rep 028: fitting model int23
  Rep 028: fitting model int24
  Rep 028: fitting model int34
  Rep 028: fitting model int123_4
  Rep 028: fitting model int124_3
  Rep 028: fitting model int134_2
  Rep 028: fitting model int234_1
  Rep 028: fitting model full
  Rep 029: fitting model null
  Rep 029: fitting model x1
  Rep 029: fitting model x2
  Rep 029: fitting model x3
  Rep 029: fitting model x4
  Rep 029: fitting model main
  Rep 029: fitting model int12_3
  Rep 029: fitting model int12_4
  Rep 029: fitting model int13_2
  Rep 029: fitting model int13_4
  Rep 029: fitting model int14_2
  Rep 029: fitting model int14_3
  Rep 029: fitting model int23_1
  Rep 029: fitting model int23_4
  Rep 029: fitting model int24_1
  Rep 029: fitting model int24_3
  Rep 029: fitting model int34_1
  Rep 029: fitting model int34_2
  Rep 029: fitting model int12
  Rep 029: fitting model int13
  Rep 029: fitting model int14
  Rep 029: fitting model int23
  Rep 029: fitting model int24
  Rep 029: fitting model int34
  Rep 029: fitting model int123_4
  Rep 029: fitting model int124_3
  Rep 029: fitting model int134_2
  Rep 029: fitting model int234_1
  Rep 029: fitting model full
  Rep 030: fitting model null
  Rep 030: fitting model x1
  Rep 030: fitting model x2
  Rep 030: fitting model x3
  Rep 030: fitting model x4
  Rep 030: fitting model main
  Rep 030: fitting model int12_3
  Rep 030: fitting model int12_4
  Rep 030: fitting model int13_2
  Rep 030: fitting model int13_4
  Rep 030: fitting model int14_2
  Rep 030: fitting model int14_3
  Rep 030: fitting model int23_1
  Rep 030: fitting model int23_4
  Rep 030: fitting model int24_1
  Rep 030: fitting model int24_3
  Rep 030: fitting model int34_1
  Rep 030: fitting model int34_2
  Rep 030: fitting model int12
  Rep 030: fitting model int13
  Rep 030: fitting model int14
  Rep 030: fitting model int23
  Rep 030: fitting model int24
  Rep 030: fitting model int34
  Rep 030: fitting model int123_4
  Rep 030: fitting model int124_3
  Rep 030: fitting model int134_2
  Rep 030: fitting model int234_1
  Rep 030: fitting model full
  Rep 031: fitting model null
  Rep 031: fitting model x1
  Rep 031: fitting model x2
  Rep 031: fitting model x3
  Rep 031: fitting model x4
  Rep 031: fitting model main
  Rep 031: fitting model int12_3
  Rep 031: fitting model int12_4
  Rep 031: fitting model int13_2
  Rep 031: fitting model int13_4
  Rep 031: fitting model int14_2
  Rep 031: fitting model int14_3
  Rep 031: fitting model int23_1
  Rep 031: fitting model int23_4
  Rep 031: fitting model int24_1
  Rep 031: fitting model int24_3
  Rep 031: fitting model int34_1
  Rep 031: fitting model int34_2
  Rep 031: fitting model int12
  Rep 031: fitting model int13
  Rep 031: fitting model int14
  Rep 031: fitting model int23
  Rep 031: fitting model int24
  Rep 031: fitting model int34
  Rep 031: fitting model int123_4
  Rep 031: fitting model int124_3
  Rep 031: fitting model int134_2
  Rep 031: fitting model int234_1
  Rep 031: fitting model full
  Rep 032: fitting model null
  Rep 032: fitting model x1
  Rep 032: fitting model x2
  Rep 032: fitting model x3
  Rep 032: fitting model x4
  Rep 032: fitting model main
  Rep 032: fitting model int12_3
  Rep 032: fitting model int12_4
  Rep 032: fitting model int13_2
  Rep 032: fitting model int13_4
  Rep 032: fitting model int14_2
  Rep 032: fitting model int14_3
  Rep 032: fitting model int23_1
  Rep 032: fitting model int23_4
  Rep 032: fitting model int24_1
  Rep 032: fitting model int24_3
  Rep 032: fitting model int34_1
  Rep 032: fitting model int34_2
  Rep 032: fitting model int12
  Rep 032: fitting model int13
  Rep 032: fitting model int14
  Rep 032: fitting model int23
  Rep 032: fitting model int24
  Rep 032: fitting model int34
  Rep 032: fitting model int123_4
  Rep 032: fitting model int124_3
  Rep 032: fitting model int134_2
  Rep 032: fitting model int234_1
  Rep 032: fitting model full
  Rep 033: fitting model null
  Rep 033: fitting model x1
  Rep 033: fitting model x2
  Rep 033: fitting model x3
  Rep 033: fitting model x4
  Rep 033: fitting model main
  Rep 033: fitting model int12_3
  Rep 033: fitting model int12_4
  Rep 033: fitting model int13_2
  Rep 033: fitting model int13_4
  Rep 033: fitting model int14_2
  Rep 033: fitting model int14_3
  Rep 033: fitting model int23_1
  Rep 033: fitting model int23_4
  Rep 033: fitting model int24_1
  Rep 033: fitting model int24_3
  Rep 033: fitting model int34_1
  Rep 033: fitting model int34_2
  Rep 033: fitting model int12
  Rep 033: fitting model int13
  Rep 033: fitting model int14
  Rep 033: fitting model int23
  Rep 033: fitting model int24
  Rep 033: fitting model int34
  Rep 033: fitting model int123_4
  Rep 033: fitting model int124_3
  Rep 033: fitting model int134_2
  Rep 033: fitting model int234_1
  Rep 033: fitting model full
  Rep 034: fitting model null
  Rep 034: fitting model x1
  Rep 034: fitting model x2
  Rep 034: fitting model x3
  Rep 034: fitting model x4
  Rep 034: fitting model main
  Rep 034: fitting model int12_3
  Rep 034: fitting model int12_4
  Rep 034: fitting model int13_2
  Rep 034: fitting model int13_4
  Rep 034: fitting model int14_2
  Rep 034: fitting model int14_3
  Rep 034: fitting model int23_1
  Rep 034: fitting model int23_4
  Rep 034: fitting model int24_1
  Rep 034: fitting model int24_3
  Rep 034: fitting model int34_1
  Rep 034: fitting model int34_2
  Rep 034: fitting model int12
  Rep 034: fitting model int13
  Rep 034: fitting model int14
  Rep 034: fitting model int23
  Rep 034: fitting model int24
  Rep 034: fitting model int34
  Rep 034: fitting model int123_4
  Rep 034: fitting model int124_3
  Rep 034: fitting model int134_2
  Rep 034: fitting model int234_1
  Rep 034: fitting model full
  Rep 035: fitting model null
  Rep 035: fitting model x1
  Rep 035: fitting model x2
  Rep 035: fitting model x3
  Rep 035: fitting model x4
  Rep 035: fitting model main
  Rep 035: fitting model int12_3
  Rep 035: fitting model int12_4
  Rep 035: fitting model int13_2
  Rep 035: fitting model int13_4
  Rep 035: fitting model int14_2
  Rep 035: fitting model int14_3
  Rep 035: fitting model int23_1
  Rep 035: fitting model int23_4
  Rep 035: fitting model int24_1
  Rep 035: fitting model int24_3
  Rep 035: fitting model int34_1
  Rep 035: fitting model int34_2
  Rep 035: fitting model int12
  Rep 035: fitting model int13
  Rep 035: fitting model int14
  Rep 035: fitting model int23
  Rep 035: fitting model int24
  Rep 035: fitting model int34
  Rep 035: fitting model int123_4
  Rep 035: fitting model int124_3
  Rep 035: fitting model int134_2
  Rep 035: fitting model int234_1
  Rep 035: fitting model full
  Rep 036: fitting model null
  Rep 036: fitting model x1
  Rep 036: fitting model x2
  Rep 036: fitting model x3
  Rep 036: fitting model x4
  Rep 036: fitting model main
  Rep 036: fitting model int12_3
  Rep 036: fitting model int12_4
  Rep 036: fitting model int13_2
  Rep 036: fitting model int13_4
  Rep 036: fitting model int14_2
  Rep 036: fitting model int14_3
  Rep 036: fitting model int23_1
  Rep 036: fitting model int23_4
  Rep 036: fitting model int24_1
  Rep 036: fitting model int24_3
  Rep 036: fitting model int34_1
  Rep 036: fitting model int34_2
  Rep 036: fitting model int12
  Rep 036: fitting model int13
  Rep 036: fitting model int14
  Rep 036: fitting model int23
  Rep 036: fitting model int24
  Rep 036: fitting model int34
  Rep 036: fitting model int123_4
  Rep 036: fitting model int124_3
  Rep 036: fitting model int134_2
  Rep 036: fitting model int234_1
  Rep 036: fitting model full
  Rep 037: fitting model null
  Rep 037: fitting model x1
  Rep 037: fitting model x2
  Rep 037: fitting model x3
  Rep 037: fitting model x4
  Rep 037: fitting model main
  Rep 037: fitting model int12_3
  Rep 037: fitting model int12_4
  Rep 037: fitting model int13_2
  Rep 037: fitting model int13_4
  Rep 037: fitting model int14_2
  Rep 037: fitting model int14_3
  Rep 037: fitting model int23_1
  Rep 037: fitting model int23_4
  Rep 037: fitting model int24_1
  Rep 037: fitting model int24_3
  Rep 037: fitting model int34_1
  Rep 037: fitting model int34_2
  Rep 037: fitting model int12
  Rep 037: fitting model int13
  Rep 037: fitting model int14
  Rep 037: fitting model int23
  Rep 037: fitting model int24
  Rep 037: fitting model int34
  Rep 037: fitting model int123_4
  Rep 037: fitting model int124_3
  Rep 037: fitting model int134_2
  Rep 037: fitting model int234_1
  Rep 037: fitting model full
  Rep 038: fitting model null
  Rep 038: fitting model x1
  Rep 038: fitting model x2
  Rep 038: fitting model x3
  Rep 038: fitting model x4
  Rep 038: fitting model main
  Rep 038: fitting model int12_3
  Rep 038: fitting model int12_4
  Rep 038: fitting model int13_2
  Rep 038: fitting model int13_4
  Rep 038: fitting model int14_2
  Rep 038: fitting model int14_3
  Rep 038: fitting model int23_1
  Rep 038: fitting model int23_4
  Rep 038: fitting model int24_1
  Rep 038: fitting model int24_3
  Rep 038: fitting model int34_1
  Rep 038: fitting model int34_2
  Rep 038: fitting model int12
  Rep 038: fitting model int13
  Rep 038: fitting model int14
  Rep 038: fitting model int23
  Rep 038: fitting model int24
  Rep 038: fitting model int34
  Rep 038: fitting model int123_4
  Rep 038: fitting model int124_3
  Rep 038: fitting model int134_2
  Rep 038: fitting model int234_1
  Rep 038: fitting model full
  Rep 039: fitting model null
  Rep 039: fitting model x1
  Rep 039: fitting model x2
  Rep 039: fitting model x3
  Rep 039: fitting model x4
  Rep 039: fitting model main
  Rep 039: fitting model int12_3
  Rep 039: fitting model int12_4
  Rep 039: fitting model int13_2
  Rep 039: fitting model int13_4
  Rep 039: fitting model int14_2
  Rep 039: fitting model int14_3
  Rep 039: fitting model int23_1
  Rep 039: fitting model int23_4
  Rep 039: fitting model int24_1
  Rep 039: fitting model int24_3
  Rep 039: fitting model int34_1
  Rep 039: fitting model int34_2
  Rep 039: fitting model int12
  Rep 039: fitting model int13
  Rep 039: fitting model int14
  Rep 039: fitting model int23
  Rep 039: fitting model int24
  Rep 039: fitting model int34
  Rep 039: fitting model int123_4
  Rep 039: fitting model int124_3
  Rep 039: fitting model int134_2
  Rep 039: fitting model int234_1
  Rep 039: fitting model full
  Rep 040: fitting model null
  Rep 040: fitting model x1
  Rep 040: fitting model x2
  Rep 040: fitting model x3
  Rep 040: fitting model x4
  Rep 040: fitting model main
  Rep 040: fitting model int12_3
  Rep 040: fitting model int12_4
  Rep 040: fitting model int13_2
  Rep 040: fitting model int13_4
  Rep 040: fitting model int14_2
  Rep 040: fitting model int14_3
  Rep 040: fitting model int23_1
  Rep 040: fitting model int23_4
  Rep 040: fitting model int24_1
  Rep 040: fitting model int24_3
  Rep 040: fitting model int34_1
  Rep 040: fitting model int34_2
  Rep 040: fitting model int12
  Rep 040: fitting model int13
  Rep 040: fitting model int14
  Rep 040: fitting model int23
  Rep 040: fitting model int24
  Rep 040: fitting model int34
  Rep 040: fitting model int123_4
  Rep 040: fitting model int124_3
  Rep 040: fitting model int134_2
  Rep 040: fitting model int234_1
  Rep 040: fitting model full
  Rep 041: fitting model null
  Rep 041: fitting model x1
  Rep 041: fitting model x2
  Rep 041: fitting model x3
  Rep 041: fitting model x4
  Rep 041: fitting model main
  Rep 041: fitting model int12_3
  Rep 041: fitting model int12_4
  Rep 041: fitting model int13_2
  Rep 041: fitting model int13_4
  Rep 041: fitting model int14_2
  Rep 041: fitting model int14_3
  Rep 041: fitting model int23_1
  Rep 041: fitting model int23_4
  Rep 041: fitting model int24_1
  Rep 041: fitting model int24_3
  Rep 041: fitting model int34_1
  Rep 041: fitting model int34_2
  Rep 041: fitting model int12
  Rep 041: fitting model int13
  Rep 041: fitting model int14
  Rep 041: fitting model int23
  Rep 041: fitting model int24
  Rep 041: fitting model int34
  Rep 041: fitting model int123_4
  Rep 041: fitting model int124_3
  Rep 041: fitting model int134_2
  Rep 041: fitting model int234_1
  Rep 041: fitting model full
  Rep 042: fitting model null
  Rep 042: fitting model x1
  Rep 042: fitting model x2
  Rep 042: fitting model x3
  Rep 042: fitting model x4
  Rep 042: fitting model main
  Rep 042: fitting model int12_3
  Rep 042: fitting model int12_4
  Rep 042: fitting model int13_2
  Rep 042: fitting model int13_4
  Rep 042: fitting model int14_2
  Rep 042: fitting model int14_3
  Rep 042: fitting model int23_1
  Rep 042: fitting model int23_4
  Rep 042: fitting model int24_1
  Rep 042: fitting model int24_3
  Rep 042: fitting model int34_1
  Rep 042: fitting model int34_2
  Rep 042: fitting model int12
  Rep 042: fitting model int13
  Rep 042: fitting model int14
  Rep 042: fitting model int23
  Rep 042: fitting model int24
  Rep 042: fitting model int34
  Rep 042: fitting model int123_4
  Rep 042: fitting model int124_3
  Rep 042: fitting model int134_2
  Rep 042: fitting model int234_1
  Rep 042: fitting model full
  Rep 043: fitting model null
  Rep 043: fitting model x1
  Rep 043: fitting model x2
  Rep 043: fitting model x3
  Rep 043: fitting model x4
  Rep 043: fitting model main
  Rep 043: fitting model int12_3
  Rep 043: fitting model int12_4
  Rep 043: fitting model int13_2
  Rep 043: fitting model int13_4
  Rep 043: fitting model int14_2
  Rep 043: fitting model int14_3
  Rep 043: fitting model int23_1
  Rep 043: fitting model int23_4
  Rep 043: fitting model int24_1
  Rep 043: fitting model int24_3
  Rep 043: fitting model int34_1
  Rep 043: fitting model int34_2
  Rep 043: fitting model int12
  Rep 043: fitting model int13
  Rep 043: fitting model int14
  Rep 043: fitting model int23
  Rep 043: fitting model int24
  Rep 043: fitting model int34
  Rep 043: fitting model int123_4
  Rep 043: fitting model int124_3
  Rep 043: fitting model int134_2
  Rep 043: fitting model int234_1
  Rep 043: fitting model full
  Rep 044: fitting model null
  Rep 044: fitting model x1
  Rep 044: fitting model x2
  Rep 044: fitting model x3
  Rep 044: fitting model x4
  Rep 044: fitting model main
  Rep 044: fitting model int12_3
  Rep 044: fitting model int12_4
  Rep 044: fitting model int13_2
  Rep 044: fitting model int13_4
  Rep 044: fitting model int14_2
  Rep 044: fitting model int14_3
  Rep 044: fitting model int23_1
  Rep 044: fitting model int23_4
  Rep 044: fitting model int24_1
  Rep 044: fitting model int24_3
  Rep 044: fitting model int34_1
  Rep 044: fitting model int34_2
  Rep 044: fitting model int12
  Rep 044: fitting model int13
  Rep 044: fitting model int14
  Rep 044: fitting model int23
  Rep 044: fitting model int24
  Rep 044: fitting model int34
  Rep 044: fitting model int123_4
  Rep 044: fitting model int124_3
  Rep 044: fitting model int134_2
  Rep 044: fitting model int234_1
  Rep 044: fitting model full
  Rep 045: fitting model null
  Rep 045: fitting model x1
  Rep 045: fitting model x2
  Rep 045: fitting model x3
  Rep 045: fitting model x4
  Rep 045: fitting model main
  Rep 045: fitting model int12_3
  Rep 045: fitting model int12_4
  Rep 045: fitting model int13_2
  Rep 045: fitting model int13_4
  Rep 045: fitting model int14_2
  Rep 045: fitting model int14_3
  Rep 045: fitting model int23_1
  Rep 045: fitting model int23_4
  Rep 045: fitting model int24_1
  Rep 045: fitting model int24_3
  Rep 045: fitting model int34_1
  Rep 045: fitting model int34_2
  Rep 045: fitting model int12
  Rep 045: fitting model int13
  Rep 045: fitting model int14
  Rep 045: fitting model int23
  Rep 045: fitting model int24
  Rep 045: fitting model int34
  Rep 045: fitting model int123_4
  Rep 045: fitting model int124_3
  Rep 045: fitting model int134_2
  Rep 045: fitting model int234_1
  Rep 045: fitting model full
  Rep 046: fitting model null
  Rep 046: fitting model x1
  Rep 046: fitting model x2
  Rep 046: fitting model x3
  Rep 046: fitting model x4
  Rep 046: fitting model main
  Rep 046: fitting model int12_3
  Rep 046: fitting model int12_4
  Rep 046: fitting model int13_2
  Rep 046: fitting model int13_4
  Rep 046: fitting model int14_2
  Rep 046: fitting model int14_3
  Rep 046: fitting model int23_1
  Rep 046: fitting model int23_4
  Rep 046: fitting model int24_1
  Rep 046: fitting model int24_3
  Rep 046: fitting model int34_1
  Rep 046: fitting model int34_2
  Rep 046: fitting model int12
  Rep 046: fitting model int13
  Rep 046: fitting model int14
  Rep 046: fitting model int23
  Rep 046: fitting model int24
  Rep 046: fitting model int34
  Rep 046: fitting model int123_4
  Rep 046: fitting model int124_3
  Rep 046: fitting model int134_2
  Rep 046: fitting model int234_1
  Rep 046: fitting model full
  Rep 047: fitting model null
  Rep 047: fitting model x1
  Rep 047: fitting model x2
  Rep 047: fitting model x3
  Rep 047: fitting model x4
  Rep 047: fitting model main
  Rep 047: fitting model int12_3
  Rep 047: fitting model int12_4
  Rep 047: fitting model int13_2
  Rep 047: fitting model int13_4
  Rep 047: fitting model int14_2
  Rep 047: fitting model int14_3
  Rep 047: fitting model int23_1
  Rep 047: fitting model int23_4
  Rep 047: fitting model int24_1
  Rep 047: fitting model int24_3
  Rep 047: fitting model int34_1
  Rep 047: fitting model int34_2
  Rep 047: fitting model int12
  Rep 047: fitting model int13
  Rep 047: fitting model int14
  Rep 047: fitting model int23
  Rep 047: fitting model int24
  Rep 047: fitting model int34
  Rep 047: fitting model int123_4
  Rep 047: fitting model int124_3
  Rep 047: fitting model int134_2
  Rep 047: fitting model int234_1
  Rep 047: fitting model full
  Rep 048: fitting model null
  Rep 048: fitting model x1
  Rep 048: fitting model x2
  Rep 048: fitting model x3
  Rep 048: fitting model x4
  Rep 048: fitting model main
  Rep 048: fitting model int12_3
  Rep 048: fitting model int12_4
  Rep 048: fitting model int13_2
  Rep 048: fitting model int13_4
  Rep 048: fitting model int14_2
  Rep 048: fitting model int14_3
  Rep 048: fitting model int23_1
  Rep 048: fitting model int23_4
  Rep 048: fitting model int24_1
  Rep 048: fitting model int24_3
  Rep 048: fitting model int34_1
  Rep 048: fitting model int34_2
  Rep 048: fitting model int12
  Rep 048: fitting model int13
  Rep 048: fitting model int14
  Rep 048: fitting model int23
  Rep 048: fitting model int24
  Rep 048: fitting model int34
  Rep 048: fitting model int123_4
  Rep 048: fitting model int124_3
  Rep 048: fitting model int134_2
  Rep 048: fitting model int234_1
  Rep 048: fitting model full
  Rep 049: fitting model null
  Rep 049: fitting model x1
  Rep 049: fitting model x2
  Rep 049: fitting model x3
  Rep 049: fitting model x4
  Rep 049: fitting model main
  Rep 049: fitting model int12_3
  Rep 049: fitting model int12_4
  Rep 049: fitting model int13_2
  Rep 049: fitting model int13_4
  Rep 049: fitting model int14_2
  Rep 049: fitting model int14_3
  Rep 049: fitting model int23_1
  Rep 049: fitting model int23_4
  Rep 049: fitting model int24_1
  Rep 049: fitting model int24_3
  Rep 049: fitting model int34_1
  Rep 049: fitting model int34_2
  Rep 049: fitting model int12
  Rep 049: fitting model int13
  Rep 049: fitting model int14
  Rep 049: fitting model int23
  Rep 049: fitting model int24
  Rep 049: fitting model int34
  Rep 049: fitting model int123_4
  Rep 049: fitting model int124_3
  Rep 049: fitting model int134_2
  Rep 049: fitting model int234_1
  Rep 049: fitting model full
  Rep 050: fitting model null
  Rep 050: fitting model x1
  Rep 050: fitting model x2
  Rep 050: fitting model x3
  Rep 050: fitting model x4
  Rep 050: fitting model main
  Rep 050: fitting model int12_3
  Rep 050: fitting model int12_4
  Rep 050: fitting model int13_2
  Rep 050: fitting model int13_4
  Rep 050: fitting model int14_2
  Rep 050: fitting model int14_3
  Rep 050: fitting model int23_1
  Rep 050: fitting model int23_4
  Rep 050: fitting model int24_1
  Rep 050: fitting model int24_3
  Rep 050: fitting model int34_1
  Rep 050: fitting model int34_2
  Rep 050: fitting model int12
  Rep 050: fitting model int13
  Rep 050: fitting model int14
  Rep 050: fitting model int23
  Rep 050: fitting model int24
  Rep 050: fitting model int34
  Rep 050: fitting model int123_4
  Rep 050: fitting model int124_3
  Rep 050: fitting model int134_2
  Rep 050: fitting model int234_1
  Rep 050: fitting model full
Done for n = 100 tau = medium 
