Starting task 3: n=500, tau=medium, start=45, R=46
  Rep 045: fitting model null
  Rep 045: fitting model x1
  Rep 045: fitting model x2
  Rep 045: fitting model x3
  Rep 045: fitting model x4
  Rep 045: fitting model main
  Rep 045: fitting model int12_3
  Rep 045: fitting model int12_4
  Rep 045: fitting model int13_2
  Rep 045: fitting model int13_4
  Rep 045: fitting model int14_2
  Rep 045: fitting model int14_3
  Rep 045: fitting model int23_1
  Rep 045: fitting model int23_4
  Rep 045: fitting model int24_1
  Rep 045: fitting model int24_3
  Rep 045: fitting model int34_1
  Rep 045: fitting model int34_2
  Rep 045: fitting model int12
  Rep 045: fitting model int13
  Rep 045: fitting model int14
  Rep 045: fitting model int23
  Rep 045: fitting model int24
  Rep 045: fitting model int34
  Rep 045: fitting model int123_4
  Rep 045: fitting model int124_3
  Rep 045: fitting model int134_2
  Rep 045: fitting model int234_1
  Rep 045: fitting model full
  Rep 046: fitting model null
  Rep 046: fitting model x1
  Rep 046: fitting model x2
  Rep 046: fitting model x3
  Rep 046: fitting model x4
  Rep 046: fitting model main
  Rep 046: fitting model int12_3
  Rep 046: fitting model int12_4
  Rep 046: fitting model int13_2
  Rep 046: fitting model int13_4
  Rep 046: fitting model int14_2
  Rep 046: fitting model int14_3
  Rep 046: fitting model int23_1
  Rep 046: fitting model int23_4
  Rep 046: fitting model int24_1
  Rep 046: fitting model int24_3
  Rep 046: fitting model int34_1
  Rep 046: fitting model int34_2
  Rep 046: fitting model int12
  Rep 046: fitting model int13
  Rep 046: fitting model int14
  Rep 046: fitting model int23
  Rep 046: fitting model int24
  Rep 046: fitting model int34
  Rep 046: fitting model int123_4
