Starting task 3: n=500, tau=big, start=18, R=20
  Rep 018: fitting model null
  Rep 018: fitting model x1
  Rep 018: fitting model x2
  Rep 018: fitting model x3
  Rep 018: fitting model x4
  Rep 018: fitting model main
  Rep 018: fitting model int12_3
  Rep 018: fitting model int12_4
  Rep 018: fitting model int13_2
  Rep 018: fitting model int13_4
  Rep 018: fitting model int14_2
  Rep 018: fitting model int14_3
  Rep 018: fitting model int23_1
  Rep 018: fitting model int23_4
  Rep 018: fitting model int24_1
  Rep 018: fitting model int24_3
  Rep 018: fitting model int34_1
  Rep 018: fitting model int34_2
  Rep 018: fitting model int12
  Rep 018: fitting model int13
  Rep 018: fitting model int14
  Rep 018: fitting model int23
  Rep 018: fitting model int24
  Rep 018: fitting model int34
  Rep 018: fitting model int123_4
  Rep 018: fitting model int124_3
  Rep 018: fitting model int134_2
  Rep 018: fitting model int234_1
  Rep 018: fitting model full
  Rep 019: fitting model null
  Rep 019: fitting model x1
  Rep 019: fitting model x2
  Rep 019: fitting model x3
  Rep 019: fitting model x4
  Rep 019: fitting model main
  Rep 019: fitting model int12_3
  Rep 019: fitting model int12_4
  Rep 019: fitting model int13_2
  Rep 019: fitting model int13_4
  Rep 019: fitting model int14_2
  Rep 019: fitting model int14_3
  Rep 019: fitting model int23_1
  Rep 019: fitting model int23_4
  Rep 019: fitting model int24_1
  Rep 019: fitting model int24_3
  Rep 019: fitting model int34_1
  Rep 019: fitting model int34_2
  Rep 019: fitting model int12
  Rep 019: fitting model int13
  Rep 019: fitting model int14
  Rep 019: fitting model int23
  Rep 019: fitting model int24
  Rep 019: fitting model int34
  Rep 019: fitting model int123_4
  Rep 019: fitting model int124_3
  Rep 019: fitting model int134_2
  Rep 019: fitting model int234_1
  Rep 019: fitting model full
  Rep 020: fitting model null
  Rep 020: fitting model x1
  Rep 020: fitting model x2
  Rep 020: fitting model x3
  Rep 020: fitting model x4
  Rep 020: fitting model main
  Rep 020: fitting model int12_3
  Rep 020: fitting model int12_4
  Rep 020: fitting model int13_2
  Rep 020: fitting model int13_4
  Rep 020: fitting model int14_2
  Rep 020: fitting model int14_3
  Rep 020: fitting model int23_1
  Rep 020: fitting model int23_4
  Rep 020: fitting model int24_1
  Rep 020: fitting model int24_3
  Rep 020: fitting model int34_1
  Rep 020: fitting model int34_2
  Rep 020: fitting model int12
  Rep 020: fitting model int13
  Rep 020: fitting model int14
  Rep 020: fitting model int23
  Rep 020: fitting model int24
  Rep 020: fitting model int34
  Rep 020: fitting model int123_4
  Rep 020: fitting model int124_3
  Rep 020: fitting model int134_2
  Rep 020: fitting model int234_1
  Rep 020: fitting model full
Done for n = 500 tau = big 
Finished task 3
