Starting task 9: n=500, tau=big, start=33, R=35
  Rep 033: fitting model null
  Rep 033: fitting model x1
  Rep 033: fitting model x2
  Rep 033: fitting model x3
  Rep 033: fitting model x4
  Rep 033: fitting model main
  Rep 033: fitting model int12_3
  Rep 033: fitting model int12_4
  Rep 033: fitting model int13_2
  Rep 033: fitting model int13_4
  Rep 033: fitting model int14_2
  Rep 033: fitting model int14_3
  Rep 033: fitting model int23_1
  Rep 033: fitting model int23_4
  Rep 033: fitting model int24_1
  Rep 033: fitting model int24_3
  Rep 033: fitting model int34_1
  Rep 033: fitting model int34_2
  Rep 033: fitting model int12
